<?xml version="1.0"?><coverage line-rate="0.9767241379310345" branch-rate="1.0" version="1.9" timestamp="1541326374"><sources><source>/home/user/dev/public_in_github/orion</source></sources><packages><package name="src" line-rate="0.9465241" branch-rate="1.0" complexity="0.0"><classes><class name="default" filename="src/default.rs" line-rate="0.9900498" branch-rate="1.0" complexity="0.0"><methods/><lines><line number="56" hits="1"/><line number="57" hits="1"/><line number="58" hits="1"/><line number="61" hits="1"/><line number="62" hits="1"/><line number="64" hits="1"/><line number="91" hits="1"/><line number="96" hits="1"/><line number="97" hits="1"/><line number="99" hits="1"/><line number="100" hits="1"/><line number="102" hits="1"/><line number="103" hits="1"/><line number="105" hits="1"/><line number="106" hits="1"/><line number="108" hits="1"/><line number="143" hits="1"/><line number="144" hits="1"/><line number="145" hits="1"/><line number="148" hits="1"/><line number="150" hits="1"/><line number="152" hits="1"/><line number="182" hits="1"/><line number="188" hits="1"/><line number="189" hits="1"/><line number="192" hits="1"/><line number="194" hits="1"/><line number="225" hits="1"/><line number="226" hits="1"/><line number="227" hits="1"/><line number="230" hits="1"/><line number="231" hits="1"/><line number="232" hits="1"/><line number="234" hits="1"/><line number="236" hits="1"/><line number="238" hits="1"/><line number="266" hits="1"/><line number="267" hits="1"/><line number="268" hits="1"/><line number="271" hits="1"/><line number="273" hits="1"/><line number="274" hits="1"/><line number="275" hits="1"/><line number="276" hits="1"/><line number="278" hits="1"/><line number="313" hits="1"/><line number="314" hits="1"/><line number="315" hits="1"/><line number="318" hits="1"/><line number="320" hits="1"/><line number="321" hits="1"/><line number="322" hits="1"/><line number="324" hits="1"/><line number="357" hits="1"/><line number="358" hits="1"/><line number="359" hits="1"/><line number="362" hits="1"/><line number="363" hits="1"/><line number="365" hits="1"/><line number="366" hits="1"/><line number="368" hits="1"/><line number="376" hits="1"/><line number="411" hits="1"/><line number="413" hits="1"/><line number="414" hits="1"/><line number="417" hits="1"/><line number="419" hits="1"/><line number="427" hits="1"/><line number="439" hits="2"/><line number="440" hits="1"/><line number="444" hits="2"/><line number="445" hits="1"/><line number="446" hits="1"/><line number="450" hits="2"/><line number="451" hits="1"/><line number="459" hits="1"/><line number="466" hits="1"/><line number="468" hits="1"/><line number="470" hits="1"/><line number="471" hits="1"/><line number="474" hits="1"/><line number="478" hits="2"/><line number="479" hits="1"/><line number="480" hits="1"/><line number="481" hits="1"/><line number="482" hits="1"/><line number="484" hits="1"/><line number="486" hits="1"/><line number="487" hits="1"/><line number="493" hits="2"/><line number="494" hits="1"/><line number="495" hits="1"/><line number="496" hits="1"/><line number="497" hits="1"/><line number="499" hits="1"/><line number="500" hits="1"/><line number="502" hits="1"/><line number="506" hits="2"/><line number="507" hits="1"/><line number="508" hits="1"/><line number="509" hits="1"/><line number="510" hits="1"/><line number="512" hits="1"/><line number="516" hits="2"/><line number="517" hits="1"/><line number="518" hits="1"/><line number="519" hits="1"/><line number="520" hits="1"/><line number="522" hits="1"/><line number="526" hits="2"/><line number="527" hits="1"/><line number="531" hits="2"/><line number="532" hits="1"/><line number="533" hits="1"/><line number="537" hits="2"/><line number="538" hits="1"/><line number="539" hits="1"/><line number="541" hits="1"/><line number="543" hits="1"/><line number="548" hits="2"/><line number="549" hits="1"/><line number="550" hits="1"/><line number="552" hits="1"/><line number="553" hits="1"/><line number="555" hits="1"/><line number="560" hits="2"/><line number="561" hits="1"/><line number="562" hits="1"/><line number="564" hits="1"/><line number="565" hits="1"/><line number="567" hits="0"/><line number="572" hits="2"/><line number="573" hits="1"/><line number="574" hits="1"/><line number="576" hits="1"/><line number="577" hits="1"/><line number="579" hits="0"/><line number="583" hits="2"/><line number="584" hits="1"/><line number="585" hits="1"/><line number="587" hits="1"/><line number="588" hits="1"/><line number="590" hits="1"/><line number="594" hits="2"/><line number="595" hits="1"/><line number="596" hits="1"/><line number="598" hits="1"/><line number="600" hits="1"/><line number="604" hits="2"/><line number="605" hits="1"/><line number="606" hits="1"/><line number="608" hits="1"/><line number="612" hits="2"/><line number="613" hits="1"/><line number="614" hits="1"/><line number="616" hits="1"/><line number="618" hits="1"/><line number="622" hits="2"/><line number="623" hits="1"/><line number="624" hits="1"/><line number="626" hits="1"/><line number="628" hits="1"/><line number="632" hits="2"/><line number="633" hits="1"/><line number="634" hits="1"/><line number="635" hits="1"/><line number="637" hits="1"/><line number="638" hits="1"/><line number="639" hits="1"/><line number="640" hits="1"/><line number="641" hits="1"/><line number="646" hits="2"/><line number="647" hits="1"/><line number="648" hits="1"/><line number="649" hits="1"/><line number="651" hits="1"/><line number="656" hits="2"/><line number="657" hits="1"/><line number="658" hits="1"/><line number="659" hits="1"/><line number="661" hits="1"/><line number="666" hits="2"/><line number="667" hits="1"/><line number="668" hits="1"/><line number="669" hits="1"/><line number="671" hits="1"/><line number="676" hits="2"/><line number="677" hits="1"/><line number="678" hits="1"/><line number="679" hits="1"/><line number="681" hits="1"/><line number="686" hits="2"/><line number="687" hits="1"/><line number="688" hits="1"/><line number="689" hits="1"/><line number="691" hits="1"/><line number="696" hits="2"/><line number="697" hits="1"/><line number="698" hits="1"/><line number="699" hits="1"/><line number="701" hits="1"/></lines></class></classes></package><package name="src/errors" line-rate="0.42857143" branch-rate="1.0" complexity="0.0"><classes><class name="mod" filename="src/errors/mod.rs" line-rate="0.42857143" branch-rate="1.0" complexity="0.0"><methods/><lines><line number="34" hits="0"/><line number="35" hits="0"/><line number="40" hits="1"/><line number="41" hits="1"/><line number="48" hits="0"/><line number="49" hits="0"/><line number="58" hits="0"/><line number="59" hits="0"/><line number="64" hits="1"/><line number="65" hits="1"/><line number="73" hits="0"/><line number="74" hits="0"/><line number="79" hits="1"/><line number="80" hits="1"/></lines></class></classes></package><package name="src/hazardous/aead" line-rate="0.97512436" branch-rate="1.0" complexity="0.0"><classes><class name="chacha20poly1305" filename="src/hazardous/aead/chacha20poly1305.rs" line-rate="0.99333334" branch-rate="1.0" complexity="0.0"><methods/><lines><line number="86" hits="2"/><line number="87" hits="2"/><line number="88" hits="2"/><line number="89" hits="2"/><line number="91" hits="2"/><line number="95" hits="2"/><line number="96" hits="2"/><line number="97" hits="2"/><line number="99" hits="2"/><line number="104" hits="2"/><line number="110" hits="2"/><line number="111" hits="1"/><line number="114" hits="2"/><line number="116" hits="2"/><line number="117" hits="2"/><line number="118" hits="2"/><line number="119" hits="2"/><line number="124" hits="2"/><line number="125" hits="2"/><line number="127" hits="2"/><line number="128" hits="2"/><line number="130" hits="2"/><line number="134" hits="2"/><line number="141" hits="2"/><line number="142" hits="1"/><line number="144" hits="2"/><line number="145" hits="1"/><line number="147" hits="2"/><line number="148" hits="1"/><line number="150" hits="2"/><line number="151" hits="1"/><line number="154" hits="2"/><line number="155" hits="2"/><line number="156" hits="2"/><line number="158" hits="2"/><line number="159" hits="2"/><line number="161" hits="2"/><line number="163" hits="2"/><line number="167" hits="2"/><line number="174" hits="2"/><line number="175" hits="1"/><line number="177" hits="2"/><line number="178" hits="1"/><line number="180" hits="2"/><line number="181" hits="0"/><line number="183" hits="2"/><line number="184" hits="1"/><line number="187" hits="2"/><line number="189" hits="2"/><line number="190" hits="2"/><line number="191" hits="2"/><line number="198" hits="2"/><line number="203" hits="2"/><line number="211" hits="2"/><line number="213" hits="2"/><line number="217" hits="2"/><line number="219" hits="1"/><line number="220" hits="1"/><line number="221" hits="1"/><line number="222" hits="1"/><line number="227" hits="2"/><line number="228" hits="1"/><line number="229" hits="1"/><line number="231" hits="1"/><line number="235" hits="2"/><line number="236" hits="1"/><line number="237" hits="1"/><line number="239" hits="1"/><line number="241" hits="1"/><line number="245" hits="2"/><line number="246" hits="1"/><line number="247" hits="1"/><line number="249" hits="1"/><line number="250" hits="1"/><line number="255" hits="1"/><line number="258" hits="1"/><line number="259" hits="1"/><line number="262" hits="1"/><line number="264" hits="1"/><line number="268" hits="1"/><line number="269" hits="1"/><line number="274" hits="1"/><line number="277" hits="1"/><line number="278" hits="1"/><line number="281" hits="1"/><line number="283" hits="1"/><line number="287" hits="1"/><line number="288" hits="1"/><line number="293" hits="1"/><line number="296" hits="1"/><line number="297" hits="1"/><line number="300" hits="1"/><line number="302" hits="1"/><line number="306" hits="1"/><line number="307" hits="1"/><line number="312" hits="1"/><line number="315" hits="1"/><line number="316" hits="1"/><line number="319" hits="1"/><line number="321" hits="1"/><line number="325" hits="1"/><line number="326" hits="1"/><line number="331" hits="1"/><line number="334" hits="1"/><line number="335" hits="1"/><line number="338" hits="1"/><line number="340" hits="1"/><line number="347" hits="2"/><line number="348" hits="1"/><line number="349" hits="1"/><line number="351" hits="1"/><line number="356" hits="1"/><line number="359" hits="1"/><line number="360" hits="1"/><line number="363" hits="1"/><line number="365" hits="1"/><line number="370" hits="2"/><line number="371" hits="1"/><line number="372" hits="1"/><line number="374" hits="1"/><line number="375" hits="1"/><line number="377" hits="1"/><line number="378" hits="1"/><line number="381" hits="1"/><line number="383" hits="1"/><line number="387" hits="1"/><line number="390" hits="1"/><line number="392" hits="1"/><line number="395" hits="1"/><line number="396" hits="1"/><line number="399" hits="1"/><line number="401" hits="1"/><line number="405" hits="1"/><line number="408" hits="1"/><line number="410" hits="1"/><line number="415" hits="2"/><line number="416" hits="1"/><line number="417" hits="1"/><line number="420" hits="1"/><line number="426" hits="1"/><line number="430" hits="2"/><line number="431" hits="1"/><line number="436" hits="1"/><line number="439" hits="1"/><line number="445" hits="1"/><line number="449" hits="2"/><line number="450" hits="1"/><line number="455" hits="1"/><line number="458" hits="1"/><line number="464" hits="1"/></lines></class><class name="xchacha20poly1305" filename="src/hazardous/aead/xchacha20poly1305.rs" line-rate="0.92156863" branch-rate="1.0" complexity="0.0"><methods/><lines><line number="83" hits="2"/><line number="90" hits="2"/><line number="91" hits="1"/><line number="94" hits="2"/><line number="95" hits="2"/><line number="96" hits="2"/><line number="98" hits="2"/><line number="100" hits="2"/><line number="102" hits="2"/><line number="106" hits="2"/><line number="113" hits="2"/><line number="114" hits="1"/><line number="117" hits="2"/><line number="118" hits="2"/><line number="119" hits="2"/><line number="121" hits="2"/><line number="123" hits="2"/><line number="125" hits="2"/><line number="129" hits="2"/><line number="130" hits="1"/><line number="131" hits="1"/><line number="133" hits="1"/><line number="134" hits="1"/><line number="139" hits="1"/><line number="143" hits="1"/><line number="144" hits="1"/><line number="147" hits="1"/><line number="149" hits="1"/><line number="153" hits="1"/><line number="154" hits="1"/><line number="159" hits="1"/><line number="163" hits="1"/><line number="164" hits="1"/><line number="167" hits="1"/><line number="169" hits="1"/><line number="173" hits="1"/><line number="174" hits="1"/><line number="179" hits="1"/><line number="183" hits="1"/><line number="184" hits="1"/><line number="187" hits="1"/><line number="189" hits="1"/><line number="196" hits="2"/><line number="197" hits="1"/><line number="198" hits="1"/><line number="200" hits="1"/><line number="205" hits="1"/><line number="208" hits="0"/><line number="209" hits="0"/><line number="212" hits="0"/><line number="214" hits="0"/></lines></class></classes></package><package name="src/hazardous/kdf" line-rate="0.94666666" branch-rate="1.0" complexity="0.0"><classes><class name="hkdf" filename="src/hazardous/kdf/hkdf.rs" line-rate="0.953125" branch-rate="1.0" complexity="0.0"><methods/><lines><line number="76" hits="0"/><line number="77" hits="6"/><line number="78" hits="6"/><line number="80" hits="6"/><line number="85" hits="0"/><line number="86" hits="6"/><line number="87" hits="1"/><line number="89" hits="5"/><line number="90" hits="1"/><line number="93" hits="4"/><line number="94" hits="4"/><line number="96" hits="4"/><line number="97" hits="4"/><line number="98" hits="4"/><line number="100" hits="4"/><line number="101" hits="4"/><line number="102" hits="4"/><line number="106" hits="4"/><line number="107" hits="4"/><line number="108" hits="0"/><line number="109" hits="3"/><line number="110" hits="3"/><line number="114" hits="4"/><line number="118" hits="2"/><line number="124" hits="2"/><line number="128" hits="1"/><line number="135" hits="1"/><line number="137" hits="1"/><line number="138" hits="1"/><line number="140" hits="1"/><line number="151" hits="2"/><line number="153" hits="1"/><line number="156" hits="1"/><line number="160" hits="2"/><line number="164" hits="1"/><line number="168" hits="2"/><line number="169" hits="1"/><line number="170" hits="1"/><line number="171" hits="1"/><line number="172" hits="1"/><line number="174" hits="1"/><line number="178" hits="1"/><line number="179" hits="1"/><line number="185" hits="2"/><line number="186" hits="1"/><line number="187" hits="1"/><line number="188" hits="1"/><line number="189" hits="1"/><line number="191" hits="1"/><line number="196" hits="1"/><line number="200" hits="2"/><line number="201" hits="1"/><line number="202" hits="1"/><line number="203" hits="1"/><line number="204" hits="1"/><line number="206" hits="1"/><line number="211" hits="1"/><line number="215" hits="2"/><line number="216" hits="1"/><line number="217" hits="1"/><line number="218" hits="1"/><line number="219" hits="1"/><line number="221" hits="1"/><line number="226" hits="1"/></lines></class><class name="pbkdf2" filename="src/hazardous/kdf/pbkdf2.rs" line-rate="0.94186044" branch-rate="1.0" complexity="0.0"><methods/><lines><line number="84" hits="3"/><line number="86" hits="3"/><line number="87" hits="3"/><line number="88" hits="3"/><line number="90" hits="3"/><line number="91" hits="3"/><line number="93" hits="3"/><line number="94" hits="3"/><line number="95" hits="3"/><line number="96" hits="3"/><line number="97" hits="3"/><line number="99" hits="3"/><line number="100" hits="3"/><line number="109" hits="0"/><line number="115" hits="5"/><line number="116" hits="1"/><line number="118" hits="4"/><line number="119" hits="1"/><line number="122" hits="3"/><line number="124" hits="3"/><line number="125" hits="3"/><line number="126" hits="3"/><line number="128" hits="3"/><line number="129" hits="0"/><line number="130" hits="3"/><line number="131" hits="3"/><line number="132" hits="3"/><line number="133" hits="3"/><line number="134" hits="3"/><line number="135" hits="0"/><line number="137" hits="3"/><line number="138" hits="0"/><line number="139" hits="0"/><line number="143" hits="3"/><line number="147" hits="2"/><line number="154" hits="2"/><line number="156" hits="2"/><line number="157" hits="1"/><line number="159" hits="2"/><line number="171" hits="2"/><line number="172" hits="1"/><line number="173" hits="1"/><line number="174" hits="1"/><line number="175" hits="1"/><line number="177" hits="1"/><line number="181" hits="2"/><line number="182" hits="1"/><line number="183" hits="1"/><line number="184" hits="1"/><line number="187" hits="1"/><line number="191" hits="2"/><line number="192" hits="1"/><line number="193" hits="1"/><line number="194" hits="1"/><line number="195" hits="1"/><line number="197" hits="1"/><line number="199" hits="1"/><line number="200" hits="1"/><line number="206" hits="2"/><line number="207" hits="1"/><line number="208" hits="1"/><line number="209" hits="1"/><line number="210" hits="1"/><line number="212" hits="1"/><line number="214" hits="1"/><line number="217" hits="2"/><line number="218" hits="1"/><line number="219" hits="1"/><line number="220" hits="1"/><line number="221" hits="1"/><line number="223" hits="1"/><line number="225" hits="1"/><line number="229" hits="2"/><line number="230" hits="1"/><line number="231" hits="1"/><line number="232" hits="1"/><line number="233" hits="1"/><line number="235" hits="1"/><line number="237" hits="1"/><line number="241" hits="2"/><line number="242" hits="1"/><line number="243" hits="1"/><line number="244" hits="1"/><line number="245" hits="1"/><line number="247" hits="1"/><line number="249" hits="1"/></lines></class></classes></package><package name="src/hazardous/mac" line-rate="0.8876405" branch-rate="1.0" complexity="0.0"><classes><class name="hmac" filename="src/hazardous/mac/hmac.rs" line-rate="0.91935486" branch-rate="1.0" complexity="0.0"><methods/><lines><line number="87" hits="2"/><line number="88" hits="2"/><line number="95" hits="0"/><line number="96" hits="21"/><line number="98" hits="21"/><line number="99" hits="4"/><line number="101" hits="4"/><line number="102" hits="4"/><line number="103" hits="4"/><line number="105" hits="0"/><line number="106" hits="20"/><line number="107" hits="18"/><line number="108" hits="18"/><line number="112" hits="21"/><line number="113" hits="21"/><line number="114" hits="21"/><line number="118" hits="2"/><line number="119" hits="2"/><line number="120" hits="2"/><line number="121" hits="2"/><line number="122" hits="0"/><line number="127" hits="2"/><line number="128" hits="2"/><line number="129" hits="1"/><line number="130" hits="0"/><line number="131" hits="2"/><line number="132" hits="2"/><line number="138" hits="0"/><line number="139" hits="18"/><line number="140" hits="0"/><line number="143" hits="18"/><line number="145" hits="18"/><line number="146" hits="18"/><line number="148" hits="18"/><line number="149" hits="18"/><line number="151" hits="18"/><line number="152" hits="18"/><line number="154" hits="18"/><line number="159" hits="0"/><line number="160" hits="7"/><line number="161" hits="0"/><line number="164" hits="7"/><line number="166" hits="7"/><line number="167" hits="7"/><line number="169" hits="7"/><line number="170" hits="7"/><line number="171" hits="7"/><line number="173" hits="7"/><line number="175" hits="7"/><line number="180" hits="1"/><line number="185" hits="1"/><line number="186" hits="1"/><line number="188" hits="1"/><line number="189" hits="1"/><line number="191" hits="1"/><line number="197" hits="0"/><line number="198" hits="21"/><line number="199" hits="21"/><line number="200" hits="21"/><line number="201" hits="21"/><line number="202" hits="0"/><line number="205" hits="21"/><line number="206" hits="21"/><line number="210" hits="2"/><line number="211" hits="1"/><line number="212" hits="1"/><line number="214" hits="1"/><line number="215" hits="1"/><line number="217" hits="1"/><line number="218" hits="1"/><line number="224" hits="2"/><line number="225" hits="1"/><line number="226" hits="1"/><line number="228" hits="1"/><line number="229" hits="1"/><line number="231" hits="1"/><line number="232" hits="1"/><line number="233" hits="1"/><line number="234" hits="1"/><line number="241" hits="2"/><line number="242" hits="1"/><line number="243" hits="1"/><line number="245" hits="1"/><line number="246" hits="1"/><line number="248" hits="1"/><line number="253" hits="2"/><line number="254" hits="1"/><line number="255" hits="1"/><line number="257" hits="1"/><line number="258" hits="1"/><line number="259" hits="1"/><line number="260" hits="1"/><line number="264" hits="2"/><line number="265" hits="1"/><line number="266" hits="1"/><line number="268" hits="1"/><line number="269" hits="1"/><line number="270" hits="1"/><line number="271" hits="1"/><line number="272" hits="1"/><line number="273" hits="1"/><line number="277" hits="2"/><line number="278" hits="1"/><line number="279" hits="1"/><line number="281" hits="1"/><line number="282" hits="1"/><line number="283" hits="1"/><line number="284" hits="1"/><line number="285" hits="1"/><line number="290" hits="2"/><line number="291" hits="1"/><line number="292" hits="1"/><line number="294" hits="1"/><line number="295" hits="1"/><line number="296" hits="1"/><line number="297" hits="1"/><line number="301" hits="2"/><line number="302" hits="1"/><line number="303" hits="1"/><line number="305" hits="1"/><line number="306" hits="1"/><line number="307" hits="1"/><line number="308" hits="1"/><line number="309" hits="1"/></lines></class><class name="poly1305" filename="src/hazardous/mac/poly1305.rs" line-rate="0.87068963" branch-rate="1.0" complexity="0.0"><methods/><lines><line number="77" hits="2"/><line number="78" hits="2"/><line number="79" hits="2"/><line number="80" hits="2"/><line number="81" hits="2"/><line number="89" hits="0"/><line number="90" hits="2"/><line number="91" hits="0"/><line number="94" hits="2"/><line number="95" hits="2"/><line number="96" hits="2"/><line number="97" hits="2"/><line number="98" hits="2"/><line number="100" hits="2"/><line number="101" hits="2"/><line number="102" hits="2"/><line number="103" hits="2"/><line number="105" hits="2"/><line number="114" hits="2"/><line number="115" hits="2"/><line number="116" hits="0"/><line number="119" hits="2"/><line number="120" hits="1"/><line number="121" hits="0"/><line number="122" hits="2"/><line number="125" hits="2"/><line number="126" hits="2"/><line number="127" hits="2"/><line number="128" hits="2"/><line number="129" hits="2"/><line number="131" hits="2"/><line number="132" hits="2"/><line number="133" hits="2"/><line number="134" hits="2"/><line number="136" hits="2"/><line number="137" hits="2"/><line number="138" hits="2"/><line number="139" hits="2"/><line number="140" hits="2"/><line number="143" hits="2"/><line number="144" hits="2"/><line number="145" hits="2"/><line number="146" hits="2"/><line number="147" hits="2"/><line number="150" hits="0"/><line number="151" hits="2"/><line number="152" hits="2"/><line number="153" hits="2"/><line number="154" hits="2"/><line number="155" hits="2"/><line number="156" hits="0"/><line number="157" hits="2"/><line number="158" hits="2"/><line number="159" hits="2"/><line number="160" hits="2"/><line number="161" hits="2"/><line number="162" hits="0"/><line number="163" hits="2"/><line number="164" hits="2"/><line number="165" hits="2"/><line number="166" hits="2"/><line number="167" hits="2"/><line number="168" hits="0"/><line number="169" hits="2"/><line number="170" hits="2"/><line number="171" hits="2"/><line number="172" hits="2"/><line number="173" hits="2"/><line number="174" hits="0"/><line number="175" hits="2"/><line number="176" hits="2"/><line number="177" hits="2"/><line number="178" hits="2"/><line number="179" hits="2"/><line number="182" hits="2"/><line number="183" hits="2"/><line number="184" hits="2"/><line number="185" hits="2"/><line number="186" hits="2"/><line number="187" hits="2"/><line number="188" hits="2"/><line number="190" hits="2"/><line number="191" hits="2"/><line number="192" hits="2"/><line number="193" hits="2"/><line number="194" hits="2"/><line number="196" hits="2"/><line number="205" hits="2"/><line number="207" hits="2"/><line number="208" hits="2"/><line number="209" hits="2"/><line number="210" hits="2"/><line number="211" hits="2"/><line number="213" hits="2"/><line number="214" hits="2"/><line number="215" hits="2"/><line number="216" hits="2"/><line number="217" hits="2"/><line number="218" hits="2"/><line number="221" hits="2"/><line number="222" hits="2"/><line number="223" hits="2"/><line number="224" hits="2"/><line number="225" hits="2"/><line number="228" hits="2"/><line number="229" hits="2"/><line number="230" hits="2"/><line number="231" hits="2"/><line number="232" hits="2"/><line number="233" hits="2"/><line number="234" hits="2"/><line number="235" hits="2"/><line number="236" hits="2"/><line number="237" hits="2"/><line number="238" hits="2"/><line number="239" hits="2"/><line number="242" hits="2"/><line number="243" hits="2"/><line number="244" hits="2"/><line number="245" hits="2"/><line number="248" hits="2"/><line number="249" hits="2"/><line number="250" hits="2"/><line number="251" hits="2"/><line number="254" hits="2"/><line number="255" hits="2"/><line number="256" hits="2"/><line number="257" hits="2"/><line number="261" hits="0"/><line number="262" hits="3"/><line number="263" hits="3"/><line number="264" hits="3"/><line number="265" hits="3"/><line number="266" hits="0"/><line number="271" hits="0"/><line number="272" hits="10"/><line number="273" hits="0"/><line number="276" hits="10"/><line number="278" hits="10"/><line number="279" hits="0"/><line number="280" hits="0"/><line number="281" hits="0"/><line number="284" hits="0"/><line number="285" hits="0"/><line number="288" hits="0"/><line number="289" hits="0"/><line number="291" hits="0"/><line number="292" hits="0"/><line number="295" hits="0"/><line number="296" hits="0"/><line number="297" hits="0"/><line number="300" hits="10"/><line number="301" hits="9"/><line number="303" hits="9"/><line number="306" hits="10"/><line number="307" hits="10"/><line number="309" hits="10"/><line number="313" hits="0"/><line number="314" hits="12"/><line number="315" hits="0"/><line number="318" hits="12"/><line number="320" hits="12"/><line number="322" hits="12"/><line number="323" hits="2"/><line number="325" hits="2"/><line number="326" hits="0"/><line number="327" hits="0"/><line number="328" hits="2"/><line number="330" hits="2"/><line number="333" hits="2"/><line number="336" hits="12"/><line number="337" hits="12"/><line number="339" hits="12"/><line number="344" hits="2"/><line number="345" hits="2"/><line number="346" hits="1"/><line number="349" hits="2"/><line number="350" hits="2"/><line number="351" hits="2"/><line number="352" hits="2"/><line number="354" hits="2"/><line number="358" hits="2"/><line number="360" hits="2"/><line number="364" hits="2"/><line number="365" hits="2"/><line number="366" hits="2"/><line number="367" hits="2"/><line number="369" hits="2"/><line number="373" hits="1"/><line number="378" hits="1"/><line number="380" hits="1"/><line number="381" hits="0"/><line number="383" hits="1"/><line number="388" hits="2"/><line number="389" hits="1"/><line number="390" hits="1"/><line number="391" hits="1"/><line number="395" hits="2"/><line number="396" hits="1"/><line number="401" hits="2"/><line number="402" hits="1"/><line number="407" hits="2"/><line number="408" hits="1"/><line number="413" hits="2"/><line number="414" hits="1"/><line number="416" hits="1"/><line number="417" hits="1"/><line number="418" hits="1"/><line number="422" hits="2"/><line number="423" hits="1"/><line number="425" hits="1"/><line number="426" hits="1"/><line number="428" hits="1"/><line number="429" hits="1"/><line number="433" hits="2"/><line number="434" hits="1"/><line number="436" hits="1"/><line number="437" hits="1"/><line number="439" hits="1"/><line number="444" hits="2"/><line number="445" hits="1"/><line number="447" hits="1"/><line number="448" hits="1"/><line number="449" hits="1"/><line number="453" hits="2"/><line number="454" hits="1"/><line number="456" hits="1"/><line number="457" hits="1"/><line number="459" hits="1"/><line number="460" hits="1"/><line number="461" hits="1"/><line number="462" hits="1"/></lines></class></classes></package><package name="src/hazardous/stream" line-rate="0.9591837" branch-rate="1.0" complexity="0.0"><classes><class name="chacha20" filename="src/hazardous/stream/chacha20.rs" line-rate="0.9556962" branch-rate="1.0" complexity="0.0"><methods/><lines><line number="98" hits="2"/><line number="99" hits="2"/><line number="106" hits="0"/><line number="107" hits="16"/><line number="108" hits="16"/><line number="109" hits="16"/><line number="113" hits="0"/><line number="114" hits="16"/><line number="115" hits="16"/><line number="116" hits="16"/><line number="117" hits="16"/><line number="121" hits="0"/><line number="123" hits="14"/><line number="124" hits="14"/><line number="125" hits="14"/><line number="126" hits="14"/><line number="128" hits="14"/><line number="129" hits="14"/><line number="130" hits="14"/><line number="131" hits="14"/><line number="135" hits="0"/><line number="136" hits="10"/><line number="137" hits="1"/><line number="139" hits="9"/><line number="140" hits="0"/><line number="142" hits="9"/><line number="143" hits="0"/><line number="147" hits="9"/><line number="148" hits="9"/><line number="149" hits="9"/><line number="150" hits="9"/><line number="152" hits="9"/><line number="154" hits="9"/><line number="155" hits="7"/><line number="156" hits="0"/><line number="157" hits="2"/><line number="160" hits="9"/><line number="164" hits="0"/><line number="168" hits="15"/><line number="169" hits="0"/><line number="171" hits="15"/><line number="172" hits="1"/><line number="176" hits="14"/><line number="177" hits="12"/><line number="180" hits="14"/><line number="182" hits="14"/><line number="183" hits="0"/><line number="186" hits="14"/><line number="187" hits="12"/><line number="188" hits="12"/><line number="192" hits="14"/><line number="196" hits="0"/><line number="201" hits="14"/><line number="202" hits="0"/><line number="204" hits="14"/><line number="205" hits="1"/><line number="208" hits="13"/><line number="209" hits="11"/><line number="210" hits="0"/><line number="211" hits="2"/><line number="212" hits="2"/><line number="215" hits="13"/><line number="220" hits="2"/><line number="227" hits="2"/><line number="228" hits="1"/><line number="233" hits="2"/><line number="234" hits="1"/><line number="237" hits="2"/><line number="239" hits="0"/><line number="242" hits="2"/><line number="243" hits="2"/><line number="247" hits="2"/><line number="249" hits="2"/><line number="250" hits="2"/><line number="252" hits="2"/><line number="254" hits="2"/><line number="257" hits="2"/><line number="258" hits="2"/><line number="259" hits="2"/><line number="260" hits="2"/><line number="263" hits="1"/><line number="266" hits="2"/><line number="270" hits="2"/><line number="273" hits="2"/><line number="277" hits="2"/><line number="278" hits="2"/><line number="280" hits="2"/><line number="284" hits="2"/><line number="291" hits="2"/><line number="295" hits="2"/><line number="300" hits="2"/><line number="301" hits="1"/><line number="303" hits="2"/><line number="304" hits="1"/><line number="307" hits="2"/><line number="308" hits="2"/><line number="311" hits="2"/><line number="313" hits="2"/><line number="314" hits="2"/><line number="316" hits="2"/><line number="320" hits="2"/><line number="322" hits="2"/><line number="326" hits="2"/><line number="327" hits="2"/><line number="328" hits="2"/><line number="331" hits="2"/><line number="333" hits="2"/><line number="334" hits="2"/><line number="335" hits="2"/><line number="339" hits="2"/><line number="341" hits="2"/><line number="345" hits="2"/><line number="346" hits="1"/><line number="347" hits="1"/><line number="350" hits="1"/><line number="354" hits="1"/><line number="355" hits="1"/><line number="359" hits="1"/><line number="363" hits="1"/><line number="364" hits="1"/><line number="365" hits="1"/><line number="366" hits="1"/><line number="370" hits="2"/><line number="371" hits="1"/><line number="372" hits="1"/><line number="376" hits="1"/><line number="380" hits="1"/><line number="381" hits="1"/><line number="385" hits="1"/><line number="386" hits="1"/><line number="388" hits="1"/><line number="392" hits="1"/><line number="393" hits="1"/><line number="395" hits="1"/><line number="396" hits="1"/><line number="400" hits="1"/><line number="401" hits="1"/><line number="405" hits="1"/><line number="406" hits="1"/><line number="410" hits="1"/><line number="411" hits="1"/><line number="418" hits="2"/><line number="419" hits="1"/><line number="420" hits="1"/><line number="424" hits="1"/><line number="425" hits="1"/><line number="426" hits="1"/><line number="427" hits="1"/><line number="428" hits="1"/><line number="429" hits="1"/><line number="430" hits="1"/><line number="431" hits="1"/><line number="432" hits="1"/><line number="434" hits="1"/><line number="435" hits="1"/><line number="439" hits="1"/><line number="440" hits="1"/><line number="441" hits="1"/><line number="442" hits="1"/><line number="443" hits="1"/><line number="444" hits="1"/><line number="445" hits="1"/><line number="446" hits="1"/><line number="447" hits="1"/><line number="451" hits="2"/><line number="452" hits="1"/><line number="453" hits="1"/><line number="454" hits="1"/><line number="455" hits="1"/><line number="456" hits="1"/><line number="460" hits="2"/><line number="461" hits="1"/><line number="463" hits="1"/><line number="464" hits="1"/><line number="465" hits="1"/><line number="470" hits="2"/><line number="471" hits="1"/><line number="473" hits="1"/><line number="478" hits="2"/><line number="479" hits="1"/><line number="481" hits="1"/><line number="486" hits="2"/><line number="487" hits="1"/><line number="489" hits="1"/><line number="494" hits="2"/><line number="495" hits="1"/><line number="497" hits="1"/><line number="501" hits="2"/><line number="502" hits="1"/><line number="504" hits="1"/><line number="506" hits="1"/><line number="511" hits="1"/><line number="512" hits="1"/><line number="513" hits="1"/><line number="517" hits="1"/><line number="519" hits="1"/><line number="524" hits="2"/><line number="525" hits="1"/><line number="526" hits="1"/><line number="533" hits="1"/><line number="540" hits="1"/><line number="541" hits="1"/><line number="542" hits="1"/><line number="543" hits="1"/><line number="548" hits="2"/><line number="549" hits="1"/><line number="550" hits="1"/><line number="557" hits="1"/><line number="564" hits="1"/><line number="569" hits="2"/><line number="570" hits="1"/><line number="575" hits="1"/><line number="578" hits="1"/><line number="586" hits="1"/><line number="592" hits="1"/><line number="593" hits="1"/><line number="594" hits="1"/><line number="596" hits="1"/><line number="597" hits="1"/><line number="598" hits="1"/><line number="602" hits="1"/><line number="604" hits="1"/><line number="605" hits="1"/><line number="610" hits="2"/><line number="611" hits="1"/><line number="616" hits="1"/><line number="619" hits="1"/><line number="627" hits="1"/><line number="633" hits="1"/><line number="634" hits="1"/><line number="635" hits="1"/><line number="637" hits="1"/><line number="638" hits="1"/><line number="642" hits="1"/><line number="644" hits="1"/><line number="645" hits="1"/><line number="650" hits="2"/><line number="651" hits="1"/><line number="656" hits="1"/><line number="659" hits="1"/><line number="667" hits="1"/><line number="673" hits="1"/><line number="674" hits="1"/><line number="675" hits="1"/><line number="677" hits="1"/><line number="678" hits="1"/><line number="682" hits="1"/><line number="684" hits="1"/><line number="685" hits="1"/><line number="690" hits="2"/><line number="691" hits="1"/><line number="696" hits="1"/><line number="699" hits="1"/><line number="707" hits="1"/><line number="713" hits="1"/><line number="714" hits="1"/><line number="715" hits="1"/><line number="717" hits="1"/><line number="718" hits="1"/><line number="722" hits="1"/><line number="724" hits="1"/><line number="725" hits="1"/><line number="730" hits="2"/><line number="731" hits="1"/><line number="736" hits="1"/><line number="739" hits="1"/><line number="747" hits="1"/><line number="753" hits="1"/><line number="754" hits="1"/><line number="755" hits="1"/><line number="757" hits="1"/><line number="758" hits="1"/><line number="762" hits="1"/><line number="764" hits="1"/><line number="765" hits="1"/><line number="770" hits="2"/><line number="771" hits="1"/><line number="776" hits="1"/><line number="779" hits="1"/><line number="787" hits="1"/><line number="793" hits="1"/><line number="794" hits="1"/><line number="795" hits="1"/><line number="797" hits="1"/><line number="798" hits="1"/><line number="802" hits="1"/><line number="804" hits="1"/><line number="805" hits="1"/><line number="810" hits="2"/><line number="811" hits="1"/><line number="816" hits="1"/><line number="820" hits="1"/><line number="826" hits="1"/><line number="833" hits="1"/><line number="839" hits="1"/><line number="846" hits="1"/><line number="857" hits="1"/><line number="859" hits="1"/><line number="860" hits="1"/><line number="862" hits="1"/><line number="865" hits="1"/><line number="866" hits="1"/><line number="868" hits="1"/><line number="870" hits="1"/><line number="872" hits="1"/><line number="873" hits="1"/><line number="875" hits="1"/><line number="876" hits="1"/><line number="878" hits="1"/><line number="879" hits="1"/><line number="880" hits="1"/><line number="883" hits="1"/><line number="884" hits="1"/><line number="886" hits="1"/><line number="887" hits="1"/><line number="888" hits="1"/></lines></class><class name="xchacha20" filename="src/hazardous/stream/xchacha20.rs" line-rate="1" branch-rate="1.0" complexity="0.0"><methods/><lines><line number="82" hits="2"/><line number="89" hits="2"/><line number="90" hits="1"/><line number="93" hits="2"/><line number="94" hits="2"/><line number="95" hits="2"/><line number="97" hits="2"/><line number="105" hits="2"/><line number="107" hits="2"/><line number="111" hits="1"/><line number="118" hits="1"/><line number="122" hits="2"/><line number="123" hits="1"/><line number="125" hits="1"/><line number="126" hits="1"/><line number="127" hits="1"/><line number="128" hits="1"/><line number="129" hits="1"/><line number="134" hits="2"/><line number="135" hits="1"/><line number="137" hits="1"/><line number="142" hits="2"/><line number="143" hits="1"/><line number="145" hits="1"/><line number="149" hits="2"/><line number="150" hits="1"/><line number="152" hits="1"/></lines></class></classes></package><package name="src/hazardous/xof" line-rate="0.9845361" branch-rate="1.0" complexity="0.0"><classes><class name="cshake" filename="src/hazardous/xof/cshake.rs" line-rate="0.9845361" branch-rate="1.0" complexity="0.0"><methods/><lines><line number="86" hits="2"/><line number="87" hits="2"/><line number="88" hits="1"/><line number="89" hits="0"/><line number="90" hits="2"/><line number="94" hits="2"/><line number="96" hits="2"/><line number="97" hits="2"/><line number="100" hits="2"/><line number="101" hits="2"/><line number="102" hits="2"/><line number="104" hits="2"/><line number="105" hits="2"/><line number="106" hits="2"/><line number="109" hits="2"/><line number="110" hits="2"/><line number="113" hits="1"/><line number="114" hits="1"/><line number="115" hits="1"/><line number="116" hits="1"/><line number="117" hits="0"/><line number="121" hits="2"/><line number="122" hits="2"/><line number="123" hits="1"/><line number="124" hits="0"/><line number="125" hits="2"/><line number="126" hits="2"/><line number="130" hits="2"/><line number="131" hits="2"/><line number="132" hits="1"/><line number="135" hits="2"/><line number="136" hits="2"/><line number="138" hits="2"/><line number="139" hits="2"/><line number="141" hits="2"/><line number="143" hits="2"/><line number="148" hits="2"/><line number="151" hits="2"/><line number="152" hits="2"/><line number="153" hits="2"/><line number="155" hits="2"/><line number="156" hits="1"/><line number="158" hits="2"/><line number="159" hits="1"/><line number="163" hits="2"/><line number="164" hits="2"/><line number="165" hits="2"/><line number="169" hits="2"/><line number="171" hits="2"/><line number="175" hits="2"/><line number="176" hits="2"/><line number="177" hits="2"/><line number="178" hits="2"/><line number="180" hits="2"/><line number="181" hits="2"/><line number="182" hits="2"/><line number="183" hits="2"/><line number="184" hits="2"/><line number="186" hits="2"/><line number="189" hits="2"/><line number="192" hits="2"/><line number="194" hits="2"/><line number="203" hits="2"/><line number="204" hits="1"/><line number="205" hits="1"/><line number="206" hits="1"/><line number="207" hits="1"/><line number="208" hits="1"/><line number="210" hits="1"/><line number="211" hits="1"/><line number="212" hits="1"/><line number="213" hits="1"/><line number="214" hits="1"/><line number="215" hits="1"/><line number="221" hits="2"/><line number="222" hits="1"/><line number="223" hits="1"/><line number="225" hits="1"/><line number="229" hits="2"/><line number="230" hits="1"/><line number="231" hits="1"/><line number="233" hits="1"/><line number="237" hits="2"/><line number="238" hits="1"/><line number="239" hits="1"/><line number="241" hits="1"/><line number="246" hits="2"/><line number="247" hits="1"/><line number="248" hits="1"/><line number="249" hits="1"/><line number="252" hits="1"/><line number="253" hits="1"/><line number="254" hits="1"/><line number="259" hits="2"/><line number="260" hits="1"/><line number="261" hits="1"/><line number="262" hits="1"/><line number="263" hits="1"/><line number="265" hits="1"/><line number="266" hits="1"/><line number="267" hits="1"/><line number="271" hits="2"/><line number="272" hits="1"/><line number="273" hits="1"/><line number="275" hits="1"/><line number="279" hits="2"/><line number="280" hits="1"/><line number="281" hits="1"/><line number="283" hits="1"/><line number="287" hits="2"/><line number="288" hits="1"/><line number="291" hits="1"/><line number="292" hits="1"/><line number="296" hits="2"/><line number="297" hits="1"/><line number="298" hits="1"/><line number="299" hits="1"/><line number="301" hits="1"/><line number="302" hits="1"/><line number="303" hits="1"/><line number="305" hits="1"/><line number="310" hits="1"/><line number="311" hits="1"/><line number="315" hits="2"/><line number="316" hits="1"/><line number="317" hits="1"/><line number="318" hits="1"/><line number="320" hits="1"/><line number="321" hits="1"/><line number="322" hits="1"/><line number="324" hits="1"/><line number="329" hits="1"/><line number="333" hits="2"/><line number="335" hits="1"/><line number="336" hits="1"/><line number="337" hits="1"/><line number="338" hits="1"/><line number="340" hits="1"/><line number="341" hits="1"/><line number="342" hits="1"/><line number="344" hits="1"/><line number="349" hits="1"/><line number="354" hits="2"/><line number="355" hits="1"/><line number="356" hits="1"/><line number="357" hits="1"/><line number="358" hits="1"/><line number="360" hits="1"/><line number="361" hits="1"/><line number="362" hits="1"/><line number="363" hits="1"/><line number="367" hits="2"/><line number="368" hits="1"/><line number="369" hits="1"/><line number="370" hits="1"/><line number="371" hits="1"/><line number="373" hits="1"/><line number="374" hits="1"/><line number="375" hits="1"/><line number="376" hits="1"/><line number="377" hits="1"/><line number="378" hits="1"/><line number="382" hits="2"/><line number="383" hits="1"/><line number="384" hits="1"/><line number="385" hits="1"/><line number="386" hits="1"/><line number="388" hits="1"/><line number="389" hits="1"/><line number="390" hits="1"/><line number="391" hits="1"/><line number="392" hits="1"/><line number="397" hits="2"/><line number="398" hits="1"/><line number="399" hits="1"/><line number="400" hits="1"/><line number="401" hits="1"/><line number="403" hits="1"/><line number="404" hits="1"/><line number="405" hits="1"/><line number="406" hits="1"/><line number="410" hits="2"/><line number="411" hits="1"/><line number="412" hits="1"/><line number="413" hits="1"/><line number="414" hits="1"/><line number="415" hits="1"/><line number="417" hits="1"/><line number="418" hits="1"/><line number="419" hits="1"/><line number="420" hits="1"/><line number="421" hits="1"/><line number="422" hits="1"/><line number="424" hits="1"/></lines></class></classes></package><package name="src/util" line-rate="1" branch-rate="1.0" complexity="0.0"><classes><class name="mod" filename="src/util/mod.rs" line-rate="1" branch-rate="1.0" complexity="0.0"><methods/><lines><line number="52" hits="1"/><line number="53" hits="1"/><line number="54" hits="1"/><line number="57" hits="1"/><line number="58" hits="1"/><line number="60" hits="1"/><line number="85" hits="2"/><line number="86" hits="2"/><line number="87" hits="1"/><line number="90" hits="2"/><line number="91" hits="2"/><line number="93" hits="1"/><line number="99" hits="2"/><line number="100" hits="1"/><line number="101" hits="1"/><line number="106" hits="2"/><line number="108" hits="1"/><line number="111" hits="1"/><line number="112" hits="1"/><line number="117" hits="2"/><line number="118" hits="1"/><line number="119" hits="1"/><line number="121" hits="1"/><line number="122" hits="1"/><line number="126" hits="2"/><line number="127" hits="1"/><line number="128" hits="1"/><line number="130" hits="1"/><line number="131" hits="1"/><line number="135" hits="2"/><line number="136" hits="1"/><line number="137" hits="1"/><line number="139" hits="1"/><line number="140" hits="1"/><line number="144" hits="2"/><line number="145" hits="1"/><line number="146" hits="1"/></lines></class></classes></package><package name="tests/aead" line-rate="1" branch-rate="1.0" complexity="0.0"><classes><class name="boringssl_chacha20_poly1305" filename="tests/aead/boringssl_chacha20_poly1305.rs" line-rate="1" branch-rate="1.0" complexity="0.0"><methods/><lines><line number="38" hits="2"/><line number="39" hits="1"/><line number="41" hits="1"/><line number="42" hits="1"/><line number="43" hits="1"/><line number="44" hits="1"/><line number="45" hits="1"/><line number="46" hits="1"/><line number="47" hits="1"/><line number="48" hits="1"/><line number="51" hits="1"/><line number="52" hits="1"/><line number="54" hits="1"/></lines></class><class name="boringssl_xchacha20_poly1305" filename="tests/aead/boringssl_xchacha20_poly1305.rs" line-rate="1" branch-rate="1.0" complexity="0.0"><methods/><lines><line number="36" hits="2"/><line number="37" hits="1"/><line number="39" hits="1"/><line number="40" hits="1"/><line number="41" hits="1"/><line number="42" hits="1"/><line number="43" hits="1"/><line number="44" hits="1"/><line number="45" hits="1"/><line number="46" hits="1"/><line number="49" hits="1"/><line number="50" hits="1"/><line number="52" hits="1"/></lines></class><class name="mod" filename="tests/aead/mod.rs" line-rate="1" branch-rate="1.0" complexity="0.0"><methods/><lines><line number="33" hits="1"/><line number="41" hits="1"/><line number="42" hits="1"/><line number="45" hits="1"/><line number="46" hits="1"/><line number="47" hits="1"/><line number="48" hits="1"/><line number="52" hits="1"/><line number="53" hits="1"/><line number="55" hits="1"/><line number="56" hits="1"/><line number="60" hits="1"/><line number="61" hits="1"/><line number="62" hits="1"/><line number="64" hits="1"/></lines></class><class name="other_aead_xchacha20_poly1305" filename="tests/aead/other_aead_xchacha20_poly1305.rs" line-rate="1" branch-rate="1.0" complexity="0.0"><methods/><lines><line number="30" hits="2"/><line number="31" hits="1"/><line number="36" hits="1"/><line number="40" hits="1"/><line number="43" hits="1"/><line number="54" hits="1"/><line number="69" hits="1"/><line number="70" hits="1"/><line number="72" hits="1"/><line number="74" hits="1"/><line number="75" hits="1"/><line number="76" hits="1"/><line number="79" hits="1"/><line number="80" hits="1"/><line number="81" hits="1"/><line number="84" hits="1"/><line number="86" hits="1"/></lines></class><class name="rfc_aead_chacha20_poly1305" filename="tests/aead/rfc_aead_chacha20_poly1305.rs" line-rate="1" branch-rate="1.0" complexity="0.0"><methods/><lines><line number="30" hits="2"/><line number="31" hits="1"/><line number="36" hits="1"/><line number="39" hits="1"/><line number="42" hits="1"/><line number="45" hits="1"/><line number="56" hits="1"/><line number="61" hits="1"/><line number="67" hits="2"/><line number="68" hits="1"/><line number="74" hits="1"/><line number="78" hits="1"/><line number="82" hits="1"/><line number="87" hits="1"/><line number="109" hits="1"/><line number="117" hits="1"/><line number="118" hits="1"/><line number="120" hits="1"/><line number="122" hits="1"/><line number="124" hits="1"/></lines></class><class name="wycheproof_chacha20_poly1305" filename="tests/aead/wycheproof_chacha20_poly1305.rs" line-rate="1" branch-rate="1.0" complexity="0.0"><methods/><lines><line number="33" hits="2"/><line number="35" hits="1"/><line number="36" hits="1"/><line number="37" hits="1"/><line number="38" hits="1"/><line number="39" hits="1"/><line number="40" hits="1"/><line number="44" hits="1"/><line number="84" hits="2"/><line number="86" hits="1"/><line number="87" hits="1"/><line number="88" hits="1"/><line number="89" hits="1"/><line number="90" hits="1"/><line number="91" hits="1"/><line number="95" hits="1"/><line number="99" hits="2"/><line number="101" hits="1"/><line number="102" hits="1"/><line number="103" hits="1"/><line number="104" hits="1"/><line number="105" hits="1"/><line number="106" hits="1"/><line number="110" hits="1"/><line number="114" hits="2"/><line number="116" hits="1"/><line number="117" hits="1"/><line number="118" hits="1"/><line number="119" hits="1"/><line number="120" hits="1"/><line number="121" hits="1"/><line number="125" hits="1"/><line number="129" hits="2"/><line number="131" hits="1"/><line number="132" hits="1"/><line number="133" hits="1"/><line number="134" hits="1"/><line number="135" hits="1"/><line number="136" hits="1"/><line number="140" hits="1"/><line number="144" hits="2"/><line number="146" hits="1"/><line number="147" hits="1"/><line number="148" hits="1"/><line number="149" hits="1"/><line number="150" hits="1"/><line number="151" hits="1"/><line number="155" hits="1"/><line number="159" hits="2"/><line number="161" hits="1"/><line number="162" hits="1"/><line number="163" hits="1"/><line number="164" hits="1"/><line number="165" hits="1"/><line number="166" hits="1"/><line number="170" hits="1"/><line number="174" hits="2"/><line number="176" hits="1"/><line number="177" hits="1"/><line number="178" hits="1"/><line number="179" hits="1"/><line number="180" hits="1"/><line number="181" hits="1"/><line number="185" hits="1"/><line number="189" hits="2"/><line number="191" hits="1"/><line number="192" hits="1"/><line number="193" hits="1"/><line number="194" hits="1"/><line number="195" hits="1"/><line number="196" hits="1"/><line number="200" hits="1"/><line number="204" hits="2"/><line number="206" hits="1"/><line number="207" hits="1"/><line number="208" hits="1"/><line number="209" hits="1"/><line number="210" hits="1"/><line number="211" hits="1"/><line number="215" hits="1"/><line number="219" hits="2"/><line number="221" hits="1"/><line number="222" hits="1"/><line number="223" hits="1"/><line number="224" hits="1"/><line number="225" hits="1"/><line number="226" hits="1"/><line number="230" hits="1"/><line number="234" hits="2"/><line number="236" hits="1"/><line number="237" hits="1"/><line number="238" hits="1"/><line number="239" hits="1"/><line number="240" hits="1"/><line number="241" hits="1"/><line number="245" hits="1"/><line number="249" hits="2"/><line number="251" hits="1"/><line number="252" hits="1"/><line number="253" hits="1"/><line number="254" hits="1"/><line number="255" hits="1"/><line number="256" hits="1"/><line number="260" hits="1"/><line number="264" hits="2"/><line number="266" hits="1"/><line number="267" hits="1"/><line number="268" hits="1"/><line number="269" hits="1"/><line number="270" hits="1"/><line number="271" hits="1"/><line number="275" hits="1"/><line number="279" hits="2"/><line number="281" hits="1"/><line number="282" hits="1"/><line number="283" hits="1"/><line number="284" hits="1"/><line number="285" hits="1"/><line number="286" hits="1"/><line number="290" hits="1"/><line number="294" hits="2"/><line number="296" hits="1"/><line number="297" hits="1"/><line number="298" hits="1"/><line number="299" hits="1"/><line number="300" hits="1"/><line number="301" hits="1"/><line number="305" hits="1"/><line number="309" hits="2"/><line number="311" hits="1"/><line number="312" hits="1"/><line number="313" hits="1"/><line number="314" hits="1"/><line number="315" hits="1"/><line number="316" hits="1"/><line number="320" hits="1"/><line number="324" hits="2"/><line number="326" hits="1"/><line number="327" hits="1"/><line number="328" hits="1"/><line number="329" hits="1"/><line number="330" hits="1"/><line number="331" hits="1"/><line number="335" hits="1"/><line number="339" hits="2"/><line number="341" hits="1"/><line number="342" hits="1"/><line number="343" hits="1"/><line number="344" hits="1"/><line number="345" hits="1"/><line number="346" hits="1"/><line number="350" hits="1"/><line number="354" hits="2"/><line number="356" hits="1"/><line number="357" hits="1"/><line number="358" hits="1"/><line number="360" hits="1"/><line number="362" hits="1"/><line number="363" hits="1"/><line number="367" hits="1"/><line number="371" hits="2"/><line number="373" hits="1"/><line number="374" hits="1"/><line number="375" hits="1"/><line number="377" hits="1"/><line number="379" hits="1"/><line number="380" hits="1"/><line number="384" hits="1"/><line number="388" hits="2"/><line number="390" hits="1"/><line number="391" hits="1"/><line number="392" hits="1"/><line number="394" hits="1"/><line number="396" hits="1"/><line number="397" hits="1"/><line number="401" hits="1"/><line number="405" hits="2"/><line number="407" hits="1"/><line number="408" hits="1"/><line number="409" hits="1"/><line number="411" hits="1"/><line number="413" hits="1"/><line number="414" hits="1"/><line number="418" hits="1"/><line number="422" hits="2"/><line number="424" hits="1"/><line number="425" hits="1"/><line number="426" hits="1"/><line number="427" hits="1"/><line number="428" hits="1"/><line number="429" hits="1"/><line number="433" hits="1"/><line number="437" hits="2"/><line number="439" hits="1"/><line number="440" hits="1"/><line number="441" hits="1"/><line number="442" hits="1"/><line number="443" hits="1"/><line number="444" hits="1"/><line number="448" hits="1"/><line number="452" hits="2"/><line number="454" hits="1"/><line number="455" hits="1"/><line number="456" hits="1"/><line number="457" hits="1"/><line number="458" hits="1"/><line number="459" hits="1"/><line number="463" hits="1"/><line number="467" hits="2"/><line number="469" hits="1"/><line number="470" hits="1"/><line number="471" hits="1"/><line number="472" hits="1"/><line number="473" hits="1"/><line number="474" hits="1"/><line number="478" hits="1"/><line number="482" hits="2"/><line number="484" hits="1"/><line number="485" hits="1"/><line number="486" hits="1"/><line number="487" hits="1"/><line number="488" hits="1"/><line number="489" hits="1"/><line number="493" hits="1"/><line number="497" hits="2"/><line number="499" hits="1"/><line number="500" hits="1"/><line number="501" hits="1"/><line number="502" hits="1"/><line number="503" hits="1"/><line number="504" hits="1"/><line number="508" hits="1"/><line number="512" hits="2"/><line number="514" hits="1"/><line number="515" hits="1"/><line number="516" hits="1"/><line number="517" hits="1"/><line number="518" hits="1"/><line number="519" hits="1"/><line number="523" hits="1"/><line number="527" hits="2"/><line number="529" hits="1"/><line number="530" hits="1"/><line number="531" hits="1"/><line number="532" hits="1"/><line number="533" hits="1"/><line number="534" hits="1"/><line number="538" hits="1"/><line number="542" hits="2"/><line number="544" hits="1"/><line number="545" hits="1"/><line number="546" hits="1"/><line number="547" hits="1"/><line number="548" hits="1"/><line number="549" hits="1"/><line number="553" hits="1"/><line number="557" hits="2"/><line number="559" hits="1"/><line number="560" hits="1"/><line number="561" hits="1"/><line number="562" hits="1"/><line number="563" hits="1"/><line number="564" hits="1"/><line number="568" hits="1"/><line number="572" hits="2"/><line number="574" hits="1"/><line number="575" hits="1"/><line number="576" hits="1"/><line number="577" hits="1"/><line number="578" hits="1"/><line number="579" hits="1"/><line number="583" hits="1"/><line number="587" hits="2"/><line number="589" hits="1"/><line number="590" hits="1"/><line number="591" hits="1"/><line number="592" hits="1"/><line number="593" hits="1"/><line number="594" hits="1"/><line number="598" hits="1"/><line number="602" hits="2"/><line number="604" hits="1"/><line number="605" hits="1"/><line number="607" hits="1"/><line number="608" hits="1"/><line number="609" hits="1"/><line number="610" hits="1"/><line number="614" hits="1"/><line number="618" hits="2"/><line number="620" hits="1"/><line number="621" hits="1"/><line number="623" hits="1"/><line number="624" hits="1"/><line number="625" hits="1"/><line number="626" hits="1"/><line number="630" hits="1"/><line number="634" hits="2"/><line number="636" hits="1"/><line number="637" hits="1"/><line number="638" hits="1"/><line number="639" hits="1"/><line number="640" hits="1"/><line number="641" hits="1"/><line number="645" hits="1"/><line number="649" hits="2"/><line number="651" hits="1"/><line number="652" hits="1"/><line number="653" hits="1"/><line number="655" hits="1"/><line number="657" hits="1"/><line number="658" hits="1"/><line number="662" hits="1"/><line number="666" hits="2"/><line number="668" hits="1"/><line number="669" hits="1"/><line number="670" hits="1"/><line number="671" hits="1"/><line number="672" hits="1"/><line number="673" hits="1"/><line number="677" hits="1"/><line number="681" hits="2"/><line number="683" hits="1"/><line number="684" hits="1"/><line number="685" hits="1"/><line number="686" hits="1"/><line number="687" hits="1"/><line number="688" hits="1"/><line number="692" hits="1"/><line number="696" hits="2"/><line number="698" hits="1"/><line number="699" hits="1"/><line number="700" hits="1"/><line number="702" hits="1"/><line number="704" hits="1"/><line number="705" hits="1"/><line number="709" hits="1"/><line number="713" hits="2"/><line number="715" hits="1"/><line number="716" hits="1"/><line number="717" hits="1"/><line number="718" hits="1"/><line number="719" hits="1"/><line number="720" hits="1"/><line number="724" hits="1"/><line number="728" hits="2"/><line number="730" hits="1"/><line number="731" hits="1"/><line number="732" hits="1"/><line number="733" hits="1"/><line number="734" hits="1"/><line number="735" hits="1"/><line number="739" hits="1"/><line number="743" hits="2"/><line number="745" hits="1"/><line number="746" hits="1"/><line number="747" hits="1"/><line number="749" hits="1"/><line number="751" hits="1"/><line number="752" hits="1"/><line number="756" hits="1"/><line number="760" hits="2"/><line number="762" hits="1"/><line number="763" hits="1"/><line number="764" hits="1"/><line number="765" hits="1"/><line number="766" hits="1"/><line number="767" hits="1"/><line number="771" hits="1"/><line number="775" hits="2"/><line number="777" hits="1"/><line number="778" hits="1"/><line number="779" hits="1"/><line number="780" hits="1"/><line number="781" hits="1"/><line number="782" hits="1"/><line number="786" hits="1"/><line number="790" hits="2"/><line number="792" hits="1"/><line number="793" hits="1"/><line number="794" hits="1"/><line number="796" hits="1"/><line number="798" hits="1"/><line number="799" hits="1"/><line number="803" hits="1"/><line number="807" hits="2"/><line number="809" hits="1"/><line number="810" hits="1"/><line number="811" hits="1"/><line number="812" hits="1"/><line number="813" hits="1"/><line number="814" hits="1"/><line number="818" hits="1"/><line number="822" hits="2"/><line number="824" hits="1"/><line number="825" hits="1"/><line number="826" hits="1"/><line number="827" hits="1"/><line number="828" hits="1"/><line number="829" hits="1"/><line number="833" hits="1"/><line number="837" hits="2"/><line number="839" hits="1"/><line number="840" hits="1"/><line number="841" hits="1"/><line number="843" hits="1"/><line number="845" hits="1"/><line number="846" hits="1"/><line number="850" hits="1"/><line number="854" hits="2"/><line number="856" hits="1"/><line number="857" hits="1"/><line number="858" hits="1"/><line number="859" hits="1"/><line number="860" hits="1"/><line number="861" hits="1"/><line number="865" hits="1"/><line number="869" hits="2"/><line number="871" hits="1"/><line number="872" hits="1"/><line number="873" hits="1"/><line number="874" hits="1"/><line number="875" hits="1"/><line number="876" hits="1"/><line number="880" hits="1"/><line number="884" hits="2"/><line number="886" hits="1"/><line number="887" hits="1"/><line number="888" hits="1"/><line number="890" hits="1"/><line number="892" hits="1"/><line number="893" hits="1"/><line number="897" hits="1"/><line number="901" hits="2"/><line number="903" hits="1"/><line number="904" hits="1"/><line number="905" hits="1"/><line number="906" hits="1"/><line number="907" hits="1"/><line number="908" hits="1"/><line number="912" hits="1"/><line number="916" hits="2"/><line number="918" hits="1"/><line number="919" hits="1"/><line number="920" hits="1"/><line number="921" hits="1"/><line number="922" hits="1"/><line number="923" hits="1"/><line number="927" hits="1"/><line number="931" hits="2"/><line number="933" hits="1"/><line number="934" hits="1"/><line number="935" hits="1"/><line number="937" hits="1"/><line number="939" hits="1"/><line number="940" hits="1"/><line number="944" hits="1"/><line number="948" hits="2"/><line number="950" hits="1"/><line number="951" hits="1"/><line number="952" hits="1"/><line number="953" hits="1"/><line number="954" hits="1"/><line number="955" hits="1"/><line number="959" hits="1"/><line number="963" hits="2"/><line number="965" hits="1"/><line number="966" hits="1"/><line number="967" hits="1"/><line number="968" hits="1"/><line number="969" hits="1"/><line number="970" hits="1"/><line number="974" hits="1"/><line number="979" hits="2"/><line number="981" hits="1"/><line number="982" hits="1"/><line number="983" hits="1"/><line number="984" hits="1"/><line number="985" hits="1"/><line number="986" hits="1"/><line number="990" hits="1"/><line number="995" hits="2"/><line number="997" hits="1"/><line number="998" hits="1"/><line number="999" hits="1"/><line number="1000" hits="1"/><line number="1001" hits="1"/><line number="1002" hits="1"/><line number="1006" hits="1"/><line number="1011" hits="2"/><line number="1013" hits="1"/><line number="1014" hits="1"/><line number="1015" hits="1"/><line number="1016" hits="1"/><line number="1017" hits="1"/><line number="1018" hits="1"/><line number="1022" hits="1"/><line number="1027" hits="2"/><line number="1029" hits="1"/><line number="1030" hits="1"/><line number="1031" hits="1"/><line number="1032" hits="1"/><line number="1033" hits="1"/><line number="1034" hits="1"/><line number="1038" hits="1"/><line number="1043" hits="2"/><line number="1045" hits="1"/><line number="1046" hits="1"/><line number="1047" hits="1"/><line number="1048" hits="1"/><line number="1049" hits="1"/><line number="1050" hits="1"/><line number="1054" hits="1"/><line number="1059" hits="2"/><line number="1061" hits="1"/><line number="1062" hits="1"/><line number="1063" hits="1"/><line number="1064" hits="1"/><line number="1065" hits="1"/><line number="1066" hits="1"/><line number="1070" hits="1"/><line number="1075" hits="2"/><line number="1077" hits="1"/><line number="1078" hits="1"/><line number="1079" hits="1"/><line number="1080" hits="1"/><line number="1081" hits="1"/><line number="1082" hits="1"/><line number="1086" hits="1"/><line number="1091" hits="2"/><line number="1093" hits="1"/><line number="1094" hits="1"/><line number="1095" hits="1"/><line number="1096" hits="1"/><line number="1097" hits="1"/><line number="1098" hits="1"/><line number="1102" hits="1"/><line number="1107" hits="2"/><line number="1109" hits="1"/><line number="1110" hits="1"/><line number="1111" hits="1"/><line number="1112" hits="1"/><line number="1113" hits="1"/><line number="1114" hits="1"/><line number="1118" hits="1"/><line number="1123" hits="2"/><line number="1125" hits="1"/><line number="1126" hits="1"/><line number="1127" hits="1"/><line number="1128" hits="1"/><line number="1129" hits="1"/><line number="1130" hits="1"/><line number="1134" hits="1"/><line number="1139" hits="2"/><line number="1141" hits="1"/><line number="1142" hits="1"/><line number="1143" hits="1"/><line number="1144" hits="1"/><line number="1145" hits="1"/><line number="1146" hits="1"/><line number="1150" hits="1"/><line number="1155" hits="2"/><line number="1157" hits="1"/><line number="1158" hits="1"/><line number="1159" hits="1"/><line number="1160" hits="1"/><line number="1161" hits="1"/><line number="1162" hits="1"/><line number="1166" hits="1"/><line number="1171" hits="2"/><line number="1173" hits="1"/><line number="1174" hits="1"/><line number="1175" hits="1"/><line number="1176" hits="1"/><line number="1177" hits="1"/><line number="1178" hits="1"/><line number="1182" hits="1"/><line number="1187" hits="2"/><line number="1189" hits="1"/><line number="1190" hits="1"/><line number="1191" hits="1"/><line number="1192" hits="1"/><line number="1193" hits="1"/><line number="1194" hits="1"/><line number="1198" hits="1"/><line number="1203" hits="2"/><line number="1205" hits="1"/><line number="1206" hits="1"/><line number="1207" hits="1"/><line number="1208" hits="1"/><line number="1209" hits="1"/><line number="1210" hits="1"/><line number="1214" hits="1"/><line number="1219" hits="2"/><line number="1221" hits="1"/><line number="1222" hits="1"/><line number="1223" hits="1"/><line number="1224" hits="1"/><line number="1225" hits="1"/><line number="1226" hits="1"/><line number="1230" hits="1"/><line number="1235" hits="2"/><line number="1237" hits="1"/><line number="1238" hits="1"/><line number="1239" hits="1"/><line number="1240" hits="1"/><line number="1241" hits="1"/><line number="1242" hits="1"/><line number="1246" hits="1"/><line number="1251" hits="2"/><line number="1253" hits="1"/><line number="1254" hits="1"/><line number="1255" hits="1"/><line number="1256" hits="1"/><line number="1257" hits="1"/><line number="1258" hits="1"/><line number="1262" hits="1"/><line number="1267" hits="2"/><line number="1269" hits="1"/><line number="1270" hits="1"/><line number="1271" hits="1"/><line number="1272" hits="1"/><line number="1273" hits="1"/><line number="1274" hits="1"/><line number="1278" hits="1"/><line number="1283" hits="2"/><line number="1285" hits="1"/><line number="1286" hits="1"/><line number="1287" hits="1"/><line number="1288" hits="1"/><line number="1289" hits="1"/><line number="1290" hits="1"/><line number="1294" hits="1"/><line number="1299" hits="2"/><line number="1301" hits="1"/><line number="1302" hits="1"/><line number="1303" hits="1"/><line number="1304" hits="1"/><line number="1305" hits="1"/><line number="1306" hits="1"/><line number="1310" hits="1"/><line number="1315" hits="2"/><line number="1317" hits="1"/><line number="1318" hits="1"/><line number="1319" hits="1"/><line number="1320" hits="1"/><line number="1321" hits="1"/><line number="1322" hits="1"/><line number="1326" hits="1"/><line number="1331" hits="2"/><line number="1333" hits="1"/><line number="1334" hits="1"/><line number="1335" hits="1"/><line number="1336" hits="1"/><line number="1337" hits="1"/><line number="1338" hits="1"/><line number="1342" hits="1"/><line number="1347" hits="2"/><line number="1349" hits="1"/><line number="1350" hits="1"/><line number="1351" hits="1"/><line number="1352" hits="1"/><line number="1353" hits="1"/><line number="1354" hits="1"/><line number="1358" hits="1"/><line number="1363" hits="2"/><line number="1365" hits="1"/><line number="1366" hits="1"/><line number="1367" hits="1"/><line number="1368" hits="1"/><line number="1369" hits="1"/><line number="1370" hits="1"/><line number="1374" hits="1"/><line number="1379" hits="2"/><line number="1381" hits="1"/><line number="1382" hits="1"/><line number="1383" hits="1"/><line number="1384" hits="1"/><line number="1385" hits="1"/><line number="1386" hits="1"/><line number="1390" hits="1"/><line number="1395" hits="2"/><line number="1397" hits="1"/><line number="1398" hits="1"/><line number="1399" hits="1"/><line number="1400" hits="1"/><line number="1401" hits="1"/><line number="1402" hits="1"/><line number="1406" hits="1"/><line number="1411" hits="2"/><line number="1413" hits="1"/><line number="1414" hits="1"/><line number="1415" hits="1"/><line number="1416" hits="1"/><line number="1417" hits="1"/><line number="1418" hits="1"/><line number="1422" hits="1"/><line number="1427" hits="2"/><line number="1429" hits="1"/><line number="1430" hits="1"/><line number="1431" hits="1"/><line number="1432" hits="1"/><line number="1433" hits="1"/><line number="1434" hits="1"/><line number="1438" hits="1"/><line number="1443" hits="2"/><line number="1445" hits="1"/><line number="1446" hits="1"/><line number="1447" hits="1"/><line number="1448" hits="1"/><line number="1449" hits="1"/><line number="1450" hits="1"/><line number="1454" hits="1"/><line number="1459" hits="2"/><line number="1461" hits="1"/><line number="1462" hits="1"/><line number="1463" hits="1"/><line number="1464" hits="1"/><line number="1465" hits="1"/><line number="1466" hits="1"/><line number="1470" hits="1"/><line number="1475" hits="2"/><line number="1477" hits="1"/><line number="1478" hits="1"/><line number="1479" hits="1"/><line number="1480" hits="1"/><line number="1481" hits="1"/><line number="1482" hits="1"/><line number="1486" hits="1"/><line number="1491" hits="2"/><line number="1493" hits="1"/><line number="1494" hits="1"/><line number="1495" hits="1"/><line number="1496" hits="1"/><line number="1497" hits="1"/><line number="1498" hits="1"/><line number="1502" hits="1"/><line number="1507" hits="2"/><line number="1509" hits="1"/><line number="1510" hits="1"/><line number="1511" hits="1"/><line number="1512" hits="1"/><line number="1513" hits="1"/><line number="1514" hits="1"/><line number="1518" hits="1"/><line number="1523" hits="2"/><line number="1525" hits="1"/><line number="1526" hits="1"/><line number="1527" hits="1"/><line number="1528" hits="1"/><line number="1529" hits="1"/><line number="1530" hits="1"/><line number="1534" hits="1"/><line number="1539" hits="2"/><line number="1541" hits="1"/><line number="1542" hits="1"/><line number="1543" hits="1"/><line number="1544" hits="1"/><line number="1545" hits="1"/><line number="1546" hits="1"/><line number="1550" hits="1"/><line number="1555" hits="2"/><line number="1557" hits="1"/><line number="1558" hits="1"/><line number="1559" hits="1"/><line number="1560" hits="1"/><line number="1561" hits="1"/><line number="1562" hits="1"/><line number="1566" hits="1"/><line number="1571" hits="2"/><line number="1573" hits="1"/><line number="1574" hits="1"/><line number="1575" hits="1"/><line number="1576" hits="1"/><line number="1577" hits="1"/><line number="1578" hits="1"/><line number="1582" hits="1"/><line number="1587" hits="2"/><line number="1589" hits="1"/><line number="1590" hits="1"/><line number="1591" hits="1"/><line number="1592" hits="1"/><line number="1593" hits="1"/><line number="1594" hits="1"/><line number="1598" hits="1"/><line number="1603" hits="2"/><line number="1605" hits="1"/><line number="1606" hits="1"/><line number="1607" hits="1"/><line number="1608" hits="1"/><line number="1609" hits="1"/><line number="1610" hits="1"/><line number="1614" hits="1"/><line number="1618" hits="2"/><line number="1620" hits="1"/><line number="1621" hits="1"/><line number="1622" hits="1"/><line number="1623" hits="1"/><line number="1624" hits="1"/><line number="1625" hits="1"/><line number="1629" hits="1"/><line number="1633" hits="2"/><line number="1635" hits="1"/><line number="1636" hits="1"/><line number="1637" hits="1"/><line number="1638" hits="1"/><line number="1639" hits="1"/><line number="1640" hits="1"/><line number="1644" hits="1"/><line number="1648" hits="2"/><line number="1650" hits="1"/><line number="1651" hits="1"/><line number="1652" hits="1"/><line number="1653" hits="1"/><line number="1654" hits="1"/><line number="1655" hits="1"/><line number="1659" hits="1"/><line number="1663" hits="2"/><line number="1665" hits="1"/><line number="1666" hits="1"/><line number="1667" hits="1"/><line number="1668" hits="1"/><line number="1669" hits="1"/><line number="1670" hits="1"/><line number="1674" hits="1"/><line number="1678" hits="2"/><line number="1680" hits="1"/><line number="1681" hits="1"/><line number="1682" hits="1"/><line number="1683" hits="1"/><line number="1684" hits="1"/><line number="1685" hits="1"/><line number="1689" hits="1"/><line number="1693" hits="2"/><line number="1695" hits="1"/><line number="1696" hits="1"/><line number="1697" hits="1"/><line number="1698" hits="1"/><line number="1699" hits="1"/><line number="1700" hits="1"/><line number="1704" hits="1"/><line number="1708" hits="2"/><line number="1710" hits="1"/><line number="1711" hits="1"/><line number="1712" hits="1"/><line number="1713" hits="1"/><line number="1714" hits="1"/><line number="1715" hits="1"/><line number="1719" hits="1"/><line number="1723" hits="2"/><line number="1725" hits="1"/><line number="1726" hits="1"/><line number="1727" hits="1"/><line number="1728" hits="1"/><line number="1729" hits="1"/><line number="1730" hits="1"/><line number="1734" hits="1"/><line number="1738" hits="2"/><line number="1740" hits="1"/><line number="1741" hits="1"/><line number="1742" hits="1"/><line number="1743" hits="1"/><line number="1744" hits="1"/><line number="1745" hits="1"/><line number="1749" hits="1"/><line number="1753" hits="2"/><line number="1755" hits="1"/><line number="1756" hits="1"/><line number="1757" hits="1"/><line number="1758" hits="1"/><line number="1759" hits="1"/><line number="1760" hits="1"/><line number="1764" hits="1"/><line number="1768" hits="2"/><line number="1770" hits="1"/><line number="1771" hits="1"/><line number="1772" hits="1"/><line number="1773" hits="1"/><line number="1774" hits="1"/><line number="1775" hits="1"/><line number="1779" hits="1"/><line number="1783" hits="2"/><line number="1785" hits="1"/><line number="1786" hits="1"/><line number="1787" hits="1"/><line number="1788" hits="1"/><line number="1789" hits="1"/><line number="1790" hits="1"/><line number="1794" hits="1"/><line number="1798" hits="2"/><line number="1800" hits="1"/><line number="1801" hits="1"/><line number="1803" hits="1"/><line number="1804" hits="1"/><line number="1805" hits="1"/><line number="1806" hits="1"/><line number="1810" hits="1"/><line number="1814" hits="2"/><line number="1816" hits="1"/><line number="1817" hits="1"/><line number="1819" hits="1"/><line number="1820" hits="1"/><line number="1821" hits="1"/><line number="1822" hits="1"/><line number="1826" hits="1"/><line number="1830" hits="2"/><line number="1832" hits="1"/><line number="1833" hits="1"/><line number="1835" hits="1"/><line number="1836" hits="1"/><line number="1837" hits="1"/><line number="1838" hits="1"/><line number="1842" hits="1"/><line number="1846" hits="2"/><line number="1848" hits="1"/><line number="1849" hits="1"/><line number="1851" hits="1"/><line number="1852" hits="1"/><line number="1853" hits="1"/><line number="1854" hits="1"/><line number="1858" hits="1"/><line number="1862" hits="2"/><line number="1864" hits="1"/><line number="1865" hits="1"/><line number="1867" hits="1"/><line number="1868" hits="1"/><line number="1869" hits="1"/><line number="1870" hits="1"/><line number="1874" hits="1"/><line number="1878" hits="2"/><line number="1880" hits="1"/><line number="1881" hits="1"/><line number="1883" hits="1"/><line number="1884" hits="1"/><line number="1885" hits="1"/><line number="1886" hits="1"/><line number="1890" hits="1"/><line number="1894" hits="2"/><line number="1896" hits="1"/><line number="1897" hits="1"/><line number="1899" hits="1"/><line number="1900" hits="1"/><line number="1901" hits="1"/><line number="1902" hits="1"/><line number="1906" hits="1"/><line number="1910" hits="2"/><line number="1912" hits="1"/><line number="1913" hits="1"/><line number="1914" hits="1"/><line number="1915" hits="1"/><line number="1916" hits="1"/><line number="1917" hits="1"/><line number="1921" hits="1"/><line number="1925" hits="2"/><line number="1927" hits="1"/><line number="1928" hits="1"/><line number="1929" hits="1"/><line number="1930" hits="1"/><line number="1931" hits="1"/><line number="1932" hits="1"/><line number="1936" hits="1"/><line number="1940" hits="2"/><line number="1942" hits="1"/><line number="1943" hits="1"/><line number="1944" hits="1"/><line number="1945" hits="1"/><line number="1946" hits="1"/><line number="1947" hits="1"/><line number="1951" hits="1"/><line number="1955" hits="2"/><line number="1957" hits="1"/><line number="1958" hits="1"/><line number="1959" hits="1"/><line number="1960" hits="1"/><line number="1961" hits="1"/><line number="1962" hits="1"/><line number="1966" hits="1"/><line number="1970" hits="2"/><line number="1972" hits="1"/><line number="1973" hits="1"/><line number="1974" hits="1"/><line number="1975" hits="1"/><line number="1976" hits="1"/><line number="1977" hits="1"/><line number="1981" hits="1"/><line number="1985" hits="2"/><line number="1987" hits="1"/><line number="1988" hits="1"/><line number="1989" hits="1"/><line number="1990" hits="1"/><line number="1991" hits="1"/><line number="1992" hits="1"/><line number="1996" hits="1"/><line number="2000" hits="2"/><line number="2002" hits="1"/><line number="2003" hits="1"/><line number="2004" hits="1"/><line number="2005" hits="1"/><line number="2006" hits="1"/><line number="2007" hits="1"/><line number="2011" hits="1"/><line number="2015" hits="2"/><line number="2017" hits="1"/><line number="2018" hits="1"/><line number="2019" hits="1"/><line number="2020" hits="1"/><line number="2021" hits="1"/><line number="2022" hits="1"/><line number="2026" hits="1"/><line number="2030" hits="2"/><line number="2032" hits="1"/><line number="2033" hits="1"/><line number="2034" hits="1"/><line number="2035" hits="1"/><line number="2036" hits="1"/><line number="2037" hits="1"/><line number="2041" hits="1"/><line number="2045" hits="2"/><line number="2047" hits="1"/><line number="2048" hits="1"/><line number="2049" hits="1"/><line number="2050" hits="1"/><line number="2051" hits="1"/><line number="2052" hits="1"/><line number="2056" hits="1"/><line number="2060" hits="2"/><line number="2062" hits="1"/><line number="2063" hits="1"/><line number="2064" hits="1"/><line number="2065" hits="1"/><line number="2066" hits="1"/><line number="2067" hits="1"/><line number="2071" h
[...]
line number="95" hits="1"/><line number="98" hits="1"/><line number="102" hits="2"/><line number="103" hits="1"/><line number="104" hits="1"/><line number="105" hits="1"/><line number="106" hits="1"/><line number="108" hits="1"/><line number="111" hits="1"/><line number="115" hits="2"/><line number="116" hits="1"/><line number="117" hits="1"/><line number="118" hits="1"/><line number="119" hits="1"/><line number="121" hits="1"/><line number="124" hits="1"/></lines></class><class name="mod" filename="tests/kdf/mod.rs" line-rate="1" branch-rate="1.0" complexity="0.0"><methods/><lines><line number="28" hits="1"/><line number="36" hits="1"/><line number="38" hits="1"/><line number="39" hits="1"/><line number="42" hits="1"/><line number="44" hits="1"/><line number="45" hits="1"/><line number="47" hits="1"/></lines></class><class name="other_hkdf" filename="tests/kdf/other_hkdf.rs" line-rate="1" branch-rate="1.0" complexity="0.0"><methods/><lines><line number="36" hits="2"/><line number="37" hits="1"/><line number="38" hits="1"/><line number="39" hits="1"/><line number="40" hits="1"/><line number="42" hits="1"/><line number="46" hits="1"/><line number="50" hits="1"/><line number="51" hits="1"/><line number="52" hits="1"/><line number="53" hits="1"/><line number="54" hits="1"/><line number="55" hits="1"/><line number="61" hits="2"/><line number="62" hits="1"/><line number="63" hits="1"/><line number="64" hits="1"/><line number="65" hits="1"/><line number="67" hits="1"/><line number="71" hits="1"/><line number="75" hits="1"/><line number="76" hits="1"/><line number="77" hits="1"/><line number="78" hits="1"/><line number="79" hits="1"/><line number="80" hits="1"/><line number="86" hits="2"/><line number="87" hits="1"/><line number="88" hits="1"/><line number="89" hits="1"/><line number="90" hits="1"/><line number="92" hits="1"/><line number="96" hits="1"/><line number="100" hits="1"/><line number="101" hits="1"/><line number="102" hits="1"/><line number="103" hits="1"/><line number="104" hits="1"/><line number="105" hits="1"/><line number="111" hits="2"/><line number="112" hits="1"/><line number="113" hits="1"/><line number="114" hits="1"/><line number="115" hits="1"/><line number="117" hits="1"/><line number="121" hits="1"/><line number="124" hits="1"/><line number="125" hits="1"/><line number="126" hits="1"/><line number="127" hits="1"/><line number="128" hits="1"/><line number="129" hits="1"/><line number="135" hits="2"/><line number="136" hits="1"/><line number="137" hits="1"/><line number="138" hits="1"/><line number="139" hits="1"/><line number="141" hits="1"/><line number="145" hits="1"/><line number="149" hits="1"/><line number="150" hits="1"/><line number="151" hits="1"/><line number="152" hits="1"/><line number="153" hits="1"/><line number="154" hits="1"/></lines></class></classes></package><package name="tests/mac" line-rate="0.9950495" branch-rate="1.0" complexity="0.0"><classes><class name="mod" filename="tests/mac/mod.rs" line-rate="1" branch-rate="1.0" complexity="0.0"><methods/><lines><line number="33" hits="1"/><line number="39" hits="1"/><line number="40" hits="1"/><line number="42" hits="1"/><line number="43" hits="1"/><line number="44" hits="1"/><line number="45" hits="1"/><line number="48" hits="1"/><line number="50" hits="1"/><line number="51" hits="1"/><line number="52" hits="1"/><line number="54" hits="1"/><line number="57" hits="1"/><line number="58" hits="1"/><line number="59" hits="1"/><line number="61" hits="1"/><line number="62" hits="1"/><line number="64" hits="1"/><line number="65" hits="1"/><line number="66" hits="1"/><line number="69" hits="1"/><line number="70" hits="1"/><line number="71" hits="1"/><line number="73" hits="1"/></lines></class><class name="nist_hmac" filename="tests/mac/nist_hmac.rs" line-rate="0.93333334" branch-rate="1.0" complexity="0.0"><methods/><lines><line number="23" hits="2"/><line number="24" hits="2"/><line number="25" hits="1"/><line number="26" hits="1"/><line number="27" hits="1"/><line number="28" hits="1"/><line number="29" hits="1"/><line number="31" hits="1"/><line number="32" hits="1"/><line number="33" hits="1"/><line number="34" hits="1"/><line number="35" hits="0"/><line number="38" hits="1"/><line number="39" hits="1"/><line number="41" hits="1"/></lines></class><class name="other_poly1305" filename="tests/mac/other_poly1305.rs" line-rate="1" branch-rate="1.0" complexity="0.0"><methods/><lines><line number="33" hits="2"/><line number="34" hits="1"/><line number="36" hits="1"/><line number="37" hits="1"/><line number="38" hits="1"/><line number="39" hits="1"/><line number="40" hits="1"/><line number="42" hits="1"/><line number="51" hits="2"/><line number="53" hits="1"/><line number="54" hits="1"/><line number="55" hits="1"/><line number="57" hits="1"/><line number="61" hits="2"/><line number="63" hits="1"/><line number="64" hits="1"/><line number="65" hits="1"/><line number="67" hits="1"/><line number="71" hits="2"/><line number="73" hits="1"/><line number="74" hits="1"/><line number="75" hits="1"/><line number="77" hits="1"/><line number="81" hits="2"/><line number="83" hits="1"/><line number="84" hits="1"/><line number="85" hits="1"/><line number="87" hits="1"/><line number="91" hits="2"/><line number="93" hits="1"/><line number="94" hits="1"/><line number="95" hits="1"/><line number="97" hits="1"/><line number="101" hits="2"/><line number="103" hits="1"/><line number="104" hits="1"/><line number="105" hits="1"/><line number="107" hits="1"/><line number="111" hits="2"/><line number="113" hits="1"/><line number="114" hits="1"/><line number="115" hits="1"/><line number="117" hits="1"/><line number="121" hits="2"/><line number="123" hits="1"/><line number="124" hits="1"/><line number="125" hits="1"/><line number="127" hits="1"/><line number="131" hits="2"/><line number="133" hits="1"/><line number="134" hits="1"/><line number="135" hits="1"/><line number="137" hits="1"/><line number="141" hits="2"/><line number="143" hits="1"/><line number="144" hits="1"/><line number="145" hits="1"/><line number="147" hits="1"/><line number="151" hits="2"/><line number="153" hits="1"/><line number="154" hits="1"/><line number="155" hits="1"/><line number="157" hits="1"/><line number="161" hits="2"/><line number="163" hits="1"/><line number="165" hits="1"/><line number="166" hits="1"/><line number="168" hits="1"/></lines></class><class name="rfc_hmac" filename="tests/mac/rfc_hmac.rs" line-rate="1" branch-rate="1.0" complexity="0.0"><methods/><lines><line number="33" hits="2"/><line number="34" hits="1"/><line number="35" hits="1"/><line number="36" hits="1"/><line number="41" hits="1"/><line number="45" hits="2"/><line number="46" hits="1"/><line number="47" hits="1"/><line number="49" hits="1"/><line number="54" hits="1"/><line number="58" hits="2"/><line number="59" hits="1"/><line number="60" hits="1"/><line number="65" hits="1"/><line number="70" hits="1"/><line number="74" hits="2"/><line number="75" hits="1"/><line number="76" hits="1"/><line number="81" hits="1"/><line number="86" hits="1"/><line number="90" hits="2"/><line number="91" hits="1"/><line number="92" hits="1"/><line number="94" hits="1"/><line number="96" hits="1"/><line number="100" hits="2"/><line number="101" hits="1"/><line number="108" hits="1"/><line number="113" hits="1"/><line number="118" hits="1"/><line number="122" hits="2"/><line number="123" hits="1"/><line number="130" hits="1"/><line number="138" hits="1"/><line number="143" hits="1"/></lines></class><class name="rfc_poly1305" filename="tests/mac/rfc_poly1305.rs" line-rate="1" branch-rate="1.0" complexity="0.0"><methods/><lines><line number="28" hits="2"/><line number="29" hits="1"/><line number="34" hits="1"/><line number="35" hits="1"/><line number="40" hits="1"/><line number="44" hits="2"/><line number="45" hits="1"/><line number="46" hits="1"/><line number="47" hits="1"/><line number="49" hits="1"/><line number="53" hits="2"/><line number="54" hits="1"/><line number="59" hits="1"/><line number="66" hits="1"/><line number="71" hits="1"/><line number="75" hits="2"/><line number="76" hits="1"/><line number="81" hits="1"/><line number="88" hits="1"/><line number="93" hits="1"/><line number="97" hits="2"/><line number="98" hits="1"/><line number="103" hits="1"/><line number="106" hits="1"/><line number="111" hits="1"/><line number="115" hits="2"/><line number="116" hits="1"/><line number="121" hits="1"/><line number="122" hits="1"/><line number="127" hits="1"/><line number="131" hits="2"/><line number="132" hits="1"/><line number="137" hits="1"/><line number="141" hits="1"/><line number="146" hits="1"/><line number="150" hits="2"/><line number="151" hits="1"/><line number="156" hits="1"/><line number="162" hits="1"/><line number="167" hits="1"/><line number="171" hits="2"/><line number="172" hits="1"/><line number="177" hits="1"/><line number="183" hits="1"/><line number="185" hits="1"/><line number="189" hits="2"/><line number="190" hits="1"/><line number="195" hits="1"/><line number="199" hits="1"/><line number="204" hits="1"/><line number="208" hits="2"/><line number="209" hits="1"/><line number="214" hits="1"/><line number="221" hits="1"/><line number="226" hits="1"/><line number="230" hits="2"/><line number="231" hits="1"/><line number="236" hits="1"/><line number="242" hits="1"/><line number="247" hits="1"/></lines></class></classes></package><package name="tests" line-rate="0.999496" branch-rate="1.0" complexity="0.0"><classes><class name="mod" filename="tests/mod.rs" line-rate="1" branch-rate="1.0" complexity="0.0"><methods/><lines><line number="1" hits="1"/></lines></class></classes></package><package name="tests/stream" line-rate="1" branch-rate="1.0" complexity="0.0"><classes><class name="mod" filename="tests/stream/mod.rs" line-rate="1" branch-rate="1.0" complexity="0.0"><methods/><lines><line number="34" hits="1"/><line number="41" hits="1"/><line number="42" hits="1"/><line number="45" hits="1"/><line number="46" hits="1"/><line number="47" hits="1"/><line number="49" hits="1"/><line number="50" hits="1"/><line number="51" hits="1"/><line number="54" hits="1"/><line number="55" hits="1"/><line number="58" hits="1"/><line number="60" hits="1"/><line number="62" hits="1"/></lines></class><class name="other_chacha20" filename="tests/stream/other_chacha20.rs" line-rate="1" branch-rate="1.0" complexity="0.0"><methods/><lines><line number="28" hits="2"/><line number="29" hits="1"/><line number="34" hits="1"/><line number="37" hits="1"/><line number="113" hits="1"/><line number="190" hits="1"/></lines></class><class name="other_hchacha20" filename="tests/stream/other_hchacha20.rs" line-rate="1" branch-rate="1.0" complexity="0.0"><methods/><lines><line number="30" hits="2"/><line number="31" hits="1"/><line number="32" hits="1"/><line number="33" hits="1"/><line number="34" hits="1"/><line number="37" hits="2"/><line number="38" hits="1"/><line number="39" hits="1"/><line number="40" hits="1"/><line number="41" hits="1"/><line number="44" hits="2"/><line number="45" hits="1"/><line number="46" hits="1"/><line number="47" hits="1"/><line number="48" hits="1"/><line number="51" hits="2"/><line number="52" hits="1"/><line number="53" hits="1"/><line number="54" hits="1"/><line number="55" hits="1"/><line number="58" hits="2"/><line number="59" hits="1"/><line number="60" hits="1"/><line number="61" hits="1"/><line number="62" hits="1"/><line number="65" hits="2"/><line number="66" hits="1"/><line number="67" hits="1"/><line number="68" hits="1"/><line number="69" hits="1"/><line number="72" hits="2"/><line number="73" hits="1"/><line number="74" hits="1"/><line number="75" hits="1"/><line number="76" hits="1"/><line number="79" hits="2"/><line number="80" hits="1"/><line number="81" hits="1"/><line number="82" hits="1"/><line number="83" hits="1"/><line number="86" hits="2"/><line number="87" hits="1"/><line number="88" hits="1"/><line number="89" hits="1"/><line number="90" hits="1"/><line number="93" hits="2"/><line number="94" hits="1"/><line number="95" hits="1"/><line number="96" hits="1"/><line number="97" hits="1"/><line number="100" hits="2"/><line number="101" hits="1"/><line number="102" hits="1"/><line number="103" hits="1"/><line number="104" hits="1"/><line number="107" hits="2"/><line number="108" hits="1"/><line number="109" hits="1"/><line number="110" hits="1"/><line number="111" hits="1"/><line number="114" hits="2"/><line number="115" hits="1"/><line number="116" hits="1"/><line number="117" hits="1"/><line number="118" hits="1"/><line number="121" hits="2"/><line number="122" hits="1"/><line number="123" hits="1"/><line number="124" hits="1"/><line number="125" hits="1"/><line number="128" hits="2"/><line number="129" hits="1"/><line number="130" hits="1"/><line number="131" hits="1"/><line number="132" hits="1"/><line number="135" hits="2"/><line number="136" hits="1"/><line number="137" hits="1"/><line number="138" hits="1"/><line number="139" hits="1"/><line number="142" hits="2"/><line number="143" hits="1"/><line number="144" hits="1"/><line number="145" hits="1"/><line number="146" hits="1"/><line number="149" hits="2"/><line number="150" hits="1"/><line number="151" hits="1"/><line number="152" hits="1"/><line number="153" hits="1"/><line number="156" hits="2"/><line number="157" hits="1"/><line number="158" hits="1"/><line number="159" hits="1"/><line number="160" hits="1"/><line number="163" hits="2"/><line number="164" hits="1"/><line number="165" hits="1"/><line number="166" hits="1"/><line number="167" hits="1"/><line number="170" hits="2"/><line number="171" hits="1"/><line number="172" hits="1"/><line number="173" hits="1"/><line number="174" hits="1"/><line number="177" hits="2"/><line number="178" hits="1"/><line number="179" hits="1"/><line number="180" hits="1"/><line number="181" hits="1"/><line number="184" hits="2"/><line number="185" hits="1"/><line number="186" hits="1"/><line number="187" hits="1"/><line number="188" hits="1"/><line number="191" hits="2"/><line number="192" hits="1"/><line number="193" hits="1"/><line number="194" hits="1"/><line number="195" hits="1"/><line number="198" hits="2"/><line number="199" hits="1"/><line number="200" hits="1"/><line number="201" hits="1"/><line number="202" hits="1"/><line number="205" hits="2"/><line number="206" hits="1"/><line number="207" hits="1"/><line number="208" hits="1"/><line number="209" hits="1"/><line number="212" hits="2"/><line number="213" hits="1"/><line number="214" hits="1"/><line number="215" hits="1"/><line number="216" hits="1"/><line number="219" hits="2"/><line number="220" hits="1"/><line number="221" hits="1"/><line number="222" hits="1"/><line number="223" hits="1"/><line number="226" hits="2"/><line number="227" hits="1"/><line number="228" hits="1"/><line number="229" hits="1"/><line number="230" hits="1"/><line number="233" hits="2"/><line number="234" hits="1"/><line number="235" hits="1"/><line number="236" hits="1"/><line number="237" hits="1"/><line number="240" hits="2"/><line number="241" hits="1"/><line number="242" hits="1"/><line number="243" hits="1"/><line number="244" hits="1"/><line number="247" hits="2"/><line number="248" hits="1"/><line number="249" hits="1"/><line number="250" hits="1"/><line number="251" hits="1"/><line number="254" hits="2"/><line number="255" hits="1"/><line number="256" hits="1"/><line number="257" hits="1"/><line number="258" hits="1"/><line number="261" hits="2"/><line number="262" hits="1"/><line number="263" hits="1"/><line number="264" hits="1"/><line number="265" hits="1"/><line number="268" hits="2"/><line number="269" hits="1"/><line number="270" hits="1"/><line number="271" hits="1"/><line number="272" hits="1"/><line number="275" hits="2"/><line number="276" hits="1"/><line number="277" hits="1"/><line number="278" hits="1"/><line number="279" hits="1"/><line number="282" hits="2"/><line number="283" hits="1"/><line number="284" hits="1"/><line number="285" hits="1"/><line number="286" hits="1"/><line number="289" hits="2"/><line number="290" hits="1"/><line number="291" hits="1"/><line number="292" hits="1"/><line number="293" hits="1"/><line number="296" hits="2"/><line number="297" hits="1"/><line number="298" hits="1"/><line number="299" hits="1"/><line number="300" hits="1"/><line number="303" hits="2"/><line number="304" hits="1"/><line number="305" hits="1"/><line number="306" hits="1"/><line number="307" hits="1"/><line number="310" hits="2"/><line number="311" hits="1"/><line number="312" hits="1"/><line number="313" hits="1"/><line number="314" hits="1"/><line number="317" hits="2"/><line number="318" hits="1"/><line number="319" hits="1"/><line number="320" hits="1"/><line number="321" hits="1"/><line number="324" hits="2"/><line number="325" hits="1"/><line number="326" hits="1"/><line number="327" hits="1"/><line number="328" hits="1"/><line number="331" hits="2"/><line number="332" hits="1"/><line number="333" hits="1"/><line number="334" hits="1"/><line number="335" hits="1"/><line number="338" hits="2"/><line number="339" hits="1"/><line number="340" hits="1"/><line number="341" hits="1"/><line number="342" hits="1"/><line number="345" hits="2"/><line number="346" hits="1"/><line number="347" hits="1"/><line number="348" hits="1"/><line number="349" hits="1"/><line number="352" hits="2"/><line number="353" hits="1"/><line number="354" hits="1"/><line number="355" hits="1"/><line number="356" hits="1"/><line number="359" hits="2"/><line number="360" hits="1"/><line number="361" hits="1"/><line number="362" hits="1"/><line number="363" hits="1"/><line number="366" hits="2"/><line number="367" hits="1"/><line number="368" hits="1"/><line number="369" hits="1"/><line number="370" hits="1"/><line number="373" hits="2"/><line number="374" hits="1"/><line number="375" hits="1"/><line number="376" hits="1"/><line number="377" hits="1"/></lines></class><class name="rfc_chacha20" filename="tests/stream/rfc_chacha20.rs" line-rate="1" branch-rate="1.0" complexity="0.0"><methods/><lines><line number="31" hits="2"/><line number="32" hits="1"/><line number="37" hits="1"/><line number="40" hits="1"/><line number="53" hits="1"/><line number="58" hits="1"/><line number="63" hits="2"/><line number="65" hits="1"/><line number="66" hits="1"/><line number="67" hits="1"/><line number="71" hits="1"/><line number="76" hits="1"/><line number="81" hits="2"/><line number="83" hits="1"/><line number="84" hits="1"/><line number="85" hits="1"/><line number="96" hits="1"/><line number="108" hits="1"/><line number="113" hits="2"/><line number="115" hits="1"/><line number="116" hits="1"/><line number="118" hits="1"/><line number="123" hits="1"/><line number="128" hits="1"/></lines></class><class name="rfc_xchacha20" filename="tests/stream/rfc_xchacha20.rs" line-rate="1" branch-rate="1.0" complexity="0.0"><methods/><lines><line number="32" hits="2"/><line number="34" hits="1"/><line number="35" hits="1"/><line number="36" hits="1"/><line number="48" hits="1"/><line number="61" hits="1"/></lines></class></classes></package><package name="tests/xof" line-rate="1" branch-rate="1.0" complexity="0.0"><classes><class name="mod" filename="tests/xof/mod.rs" line-rate="1" branch-rate="1.0" complexity="0.0"><methods/><lines><line number="28" hits="1"/><line number="29" hits="1"/><line number="30" hits="1"/><line number="31" hits="1"/><line number="32" hits="1"/><line number="34" hits="1"/><line number="35" hits="1"/></lines></class><class name="official_cshake" filename="tests/xof/official_cshake.rs" line-rate="1" branch-rate="1.0" complexity="0.0"><methods/><lines><line number="31" hits="2"/><line number="32" hits="1"/><line number="33" hits="1"/><line number="34" hits="1"/><line number="40" hits="1"/><line number="44" hits="2"/><line number="45" hits="1"/><line number="56" hits="1"/><line number="57" hits="1"/><line number="63" hits="1"/></lines></class></classes></package></packages></coverage>